This is pdfTeX, Version 3.1415926-2.5-1.40.14 (TeX Live 2013/Debian) (format=pdflatex 2015.8.29)  23 OCT 2015 22:03
entering extended mode
 \write18 enabled.
 Source specials enabled.
 %&-line parsing enabled.
**acm.tex
(./acm.tex
LaTeX2e <2011/06/27>
Babel <3.9h> and hyphenation patterns for 78 languages loaded.
(/usr/share/texlive/texmf-dist/tex/latex/base/article.cls
Document Class: article 2007/10/19 v1.4h Standard LaTeX document class
(/usr/share/texlive/texmf-dist/tex/latex/base/size11.clo
File: size11.clo 2007/10/19 v1.4h Standard LaTeX file (size option)
)
\c@part=\count79
\c@section=\count80
\c@subsection=\count81
\c@subsubsection=\count82
\c@paragraph=\count83
\c@subparagraph=\count84
\c@figure=\count85
\c@table=\count86
\abovecaptionskip=\skip41
\belowcaptionskip=\skip42
\bibindent=\dimen102
)
(/usr/share/texlive/texmf-dist/tex/latex/geometry/geometry.sty
Package: geometry 2010/09/12 v5.6 Page Geometry

(/usr/share/texlive/texmf-dist/tex/latex/graphics/keyval.sty
Package: keyval 1999/03/16 v1.13 key=value parser (DPC)
\KV@toks@=\toks14
)
(/usr/share/texlive/texmf-dist/tex/generic/oberdiek/ifpdf.sty
Package: ifpdf 2011/01/30 v2.3 Provides the ifpdf switch (HO)
Package ifpdf Info: pdfTeX in PDF mode is detected.
)
(/usr/share/texlive/texmf-dist/tex/generic/oberdiek/ifvtex.sty
Package: ifvtex 2010/03/01 v1.5 Detect VTeX and its facilities (HO)
Package ifvtex Info: VTeX not detected.
)
(/usr/share/texlive/texmf-dist/tex/generic/ifxetex/ifxetex.sty
Package: ifxetex 2010/09/12 v0.6 Provides ifxetex conditional
)
\Gm@cnth=\count87
\Gm@cntv=\count88
\c@Gm@tempcnt=\count89
\Gm@bindingoffset=\dimen103
\Gm@wd@mp=\dimen104
\Gm@odd@mp=\dimen105
\Gm@even@mp=\dimen106
\Gm@layoutwidth=\dimen107
\Gm@layoutheight=\dimen108
\Gm@layouthoffset=\dimen109
\Gm@layoutvoffset=\dimen110
\Gm@dimlist=\toks15
)
(/usr/share/texlive/texmf-dist/tex/latex/hyperref/hyperref.sty
Package: hyperref 2012/11/06 v6.83m Hypertext links for LaTeX

(/usr/share/texlive/texmf-dist/tex/generic/oberdiek/hobsub-hyperref.sty
Package: hobsub-hyperref 2012/05/28 v1.13 Bundle oberdiek, subset hyperref (HO)


(/usr/share/texlive/texmf-dist/tex/generic/oberdiek/hobsub-generic.sty
Package: hobsub-generic 2012/05/28 v1.13 Bundle oberdiek, subset generic (HO)
Package: hobsub 2012/05/28 v1.13 Construct package bundles (HO)
Package: infwarerr 2010/04/08 v1.3 Providing info/warning/error messages (HO)
Package: ltxcmds 2011/11/09 v1.22 LaTeX kernel commands for general use (HO)
Package: ifluatex 2010/03/01 v1.3 Provides the ifluatex switch (HO)
Package ifluatex Info: LuaTeX not detected.
Package hobsub Info: Skipping package `ifvtex' (already loaded).
Package: intcalc 2007/09/27 v1.1 Expandable calculations with integers (HO)
Package hobsub Info: Skipping package `ifpdf' (already loaded).
Package: etexcmds 2011/02/16 v1.5 Avoid name clashes with e-TeX commands (HO)
Package etexcmds Info: Could not find \expanded.
(etexcmds)             That can mean that you are not using pdfTeX 1.50 or
(etexcmds)             that some package has redefined \expanded.
(etexcmds)             In the latter case, load this package earlier.
Package: kvsetkeys 2012/04/25 v1.16 Key value parser (HO)
Package: kvdefinekeys 2011/04/07 v1.3 Define keys (HO)
Package: pdftexcmds 2011/11/29 v0.20 Utility functions of pdfTeX for LuaTeX (HO
)
Package pdftexcmds Info: LuaTeX not detected.
Package pdftexcmds Info: \pdf@primitive is available.
Package pdftexcmds Info: \pdf@ifprimitive is available.
Package pdftexcmds Info: \pdfdraftmode found.
Package: pdfescape 2011/11/25 v1.13 Implements pdfTeX's escape features (HO)
Package: bigintcalc 2012/04/08 v1.3 Expandable calculations on big integers (HO
)
Package: bitset 2011/01/30 v1.1 Handle bit-vector datatype (HO)
Package: uniquecounter 2011/01/30 v1.2 Provide unlimited unique counter (HO)
)
Package hobsub Info: Skipping package `hobsub' (already loaded).
Package: letltxmacro 2010/09/02 v1.4 Let assignment for LaTeX macros (HO)
Package: hopatch 2012/05/28 v1.2 Wrapper for package hooks (HO)
Package: xcolor-patch 2011/01/30 xcolor patch
Package: atveryend 2011/06/30 v1.8 Hooks at the very end of document (HO)
Package atveryend Info: \enddocument detected (standard20110627).
Package: atbegshi 2011/10/05 v1.16 At begin shipout hook (HO)
Package: refcount 2011/10/16 v3.4 Data extraction from label references (HO)
Package: hycolor 2011/01/30 v1.7 Color options for hyperref/bookmark (HO)
)
(/usr/share/texlive/texmf-dist/tex/latex/oberdiek/auxhook.sty
Package: auxhook 2011/03/04 v1.3 Hooks for auxiliary files (HO)
)
(/usr/share/texlive/texmf-dist/tex/latex/oberdiek/kvoptions.sty
Package: kvoptions 2011/06/30 v3.11 Key value format for package options (HO)
)
\@linkdim=\dimen111
\Hy@linkcounter=\count90
\Hy@pagecounter=\count91

(/usr/share/texlive/texmf-dist/tex/latex/hyperref/pd1enc.def
File: pd1enc.def 2012/11/06 v6.83m Hyperref: PDFDocEncoding definition (HO)
)
\Hy@SavedSpaceFactor=\count92

(/usr/share/texlive/texmf-dist/tex/latex/latexconfig/hyperref.cfg
File: hyperref.cfg 2002/06/06 v1.2 hyperref configuration of TeXLive
)
Package hyperref Info: Hyper figures OFF on input line 4443.
Package hyperref Info: Link nesting OFF on input line 4448.
Package hyperref Info: Hyper index ON on input line 4451.
Package hyperref Info: Plain pages OFF on input line 4458.
Package hyperref Info: Backreferencing OFF on input line 4463.
Package hyperref Info: Implicit mode ON; LaTeX internals redefined.
Package hyperref Info: Bookmarks ON on input line 4688.
\c@Hy@tempcnt=\count93

(/usr/share/texlive/texmf-dist/tex/latex/url/url.sty
\Urlmuskip=\muskip10
Package: url 2013/09/16  ver 3.4  Verb mode for urls, etc.
)
LaTeX Info: Redefining \url on input line 5041.
\XeTeXLinkMargin=\dimen112
\Fld@menulength=\count94
\Field@Width=\dimen113
\Fld@charsize=\dimen114
Package hyperref Info: Hyper figures OFF on input line 6295.
Package hyperref Info: Link nesting OFF on input line 6300.
Package hyperref Info: Hyper index ON on input line 6303.
Package hyperref Info: backreferencing OFF on input line 6310.
Package hyperref Info: Link coloring OFF on input line 6315.
Package hyperref Info: Link coloring with OCG OFF on input line 6320.
Package hyperref Info: PDF/A mode OFF on input line 6325.
LaTeX Info: Redefining \ref on input line 6365.
LaTeX Info: Redefining \pageref on input line 6369.
\Hy@abspage=\count95
\c@Item=\count96
\c@Hfootnote=\count97
)

Package hyperref Message: Driver (autodetected): hpdftex.

(/usr/share/texlive/texmf-dist/tex/latex/hyperref/hpdftex.def
File: hpdftex.def 2012/11/06 v6.83m Hyperref driver for pdfTeX
\Fld@listcount=\count98
\c@bookmark@seq@number=\count99

(/usr/share/texlive/texmf-dist/tex/latex/oberdiek/rerunfilecheck.sty
Package: rerunfilecheck 2011/04/15 v1.7 Rerun checks for auxiliary files (HO)
Package uniquecounter Info: New unique counter `rerunfilecheck' on input line 2
82.
)
\Hy@SectionHShift=\skip43
)
Package hyperref Info: Option `colorlinks' set `true' on input line 12.

(/usr/share/texlive/texmf-dist/tex/latex/listings/listings.sty
\lst@mode=\count100
\lst@gtempboxa=\box26
\lst@token=\toks16
\lst@length=\count101
\lst@currlwidth=\dimen115
\lst@column=\count102
\lst@pos=\count103
\lst@lostspace=\dimen116
\lst@width=\dimen117
\lst@newlines=\count104
\lst@lineno=\count105
\lst@maxwidth=\dimen118

(/usr/share/texlive/texmf-dist/tex/latex/listings/lstmisc.sty
File: lstmisc.sty 2013/08/26 1.5b (Carsten Heinz)
\c@lstnumber=\count106
\lst@skipnumbers=\count107
\lst@framebox=\box27
)
(/usr/share/texlive/texmf-dist/tex/latex/listings/listings.cfg
File: listings.cfg 2013/08/26 1.5b listings configuration
))
Package: listings 2013/08/26 1.5b (Carsten Heinz)

(/usr/share/texlive/texmf-dist/tex/latex/pxfonts/pxfonts.sty
Package: pxfonts 2008/01/22 v1.1.1
LaTeX Font Info:    Redeclaring symbol font `operators' on input line 21.
LaTeX Font Info:    Overwriting symbol font `operators' in version `normal'
(Font)                  OT1/cmr/m/n --> OT1/pxr/m/n on input line 21.
LaTeX Font Info:    Overwriting symbol font `operators' in version `bold'
(Font)                  OT1/cmr/bx/n --> OT1/pxr/m/n on input line 21.
LaTeX Font Info:    Overwriting symbol font `operators' in version `bold'
(Font)                  OT1/pxr/m/n --> OT1/pxr/bx/n on input line 22.
\symitalic=\mathgroup4
LaTeX Font Info:    Overwriting symbol font `italic' in version `bold'
(Font)                  OT1/pxr/m/it --> OT1/pxr/bx/it on input line 26.
LaTeX Font Info:    Redeclaring math alphabet \mathbf on input line 29.
LaTeX Font Info:    Overwriting math alphabet `\mathbf' in version `normal'
(Font)                  OT1/cmr/bx/n --> OT1/pxr/bx/n on input line 29.
LaTeX Font Info:    Overwriting math alphabet `\mathbf' in version `bold'
(Font)                  OT1/cmr/bx/n --> OT1/pxr/bx/n on input line 29.
LaTeX Font Info:    Redeclaring math alphabet \mathit on input line 30.
LaTeX Font Info:    Overwriting math alphabet `\mathit' in version `normal'
(Font)                  OT1/cmr/m/it --> OT1/pxr/m/it on input line 30.
LaTeX Font Info:    Overwriting math alphabet `\mathit' in version `bold'
(Font)                  OT1/cmr/bx/it --> OT1/pxr/m/it on input line 30.
LaTeX Font Info:    Overwriting math alphabet `\mathit' in version `bold'
(Font)                  OT1/pxr/m/it --> OT1/pxr/bx/it on input line 31.
LaTeX Font Info:    Redeclaring math alphabet \mathsf on input line 40.
LaTeX Font Info:    Overwriting math alphabet `\mathsf' in version `normal'
(Font)                  OT1/cmss/m/n --> OT1/pxss/m/n on input line 40.
LaTeX Font Info:    Overwriting math alphabet `\mathsf' in version `bold'
(Font)                  OT1/cmss/bx/n --> OT1/pxss/m/n on input line 40.
LaTeX Font Info:    Overwriting math alphabet `\mathsf' in version `bold'
(Font)                  OT1/pxss/m/n --> OT1/pxss/b/n on input line 41.
LaTeX Font Info:    Redeclaring math alphabet \mathtt on input line 50.
LaTeX Font Info:    Overwriting math alphabet `\mathtt' in version `normal'
(Font)                  OT1/cmtt/m/n --> OT1/pxtt/m/n on input line 50.
LaTeX Font Info:    Overwriting math alphabet `\mathtt' in version `bold'
(Font)                  OT1/cmtt/m/n --> OT1/pxtt/m/n on input line 50.
LaTeX Font Info:    Overwriting math alphabet `\mathtt' in version `bold'
(Font)                  OT1/pxtt/m/n --> OT1/pxtt/b/n on input line 51.
LaTeX Font Info:    Redeclaring symbol font `letters' on input line 58.
LaTeX Font Info:    Overwriting symbol font `letters' in version `normal'
(Font)                  OML/cmm/m/it --> OML/pxmi/m/it on input line 58.
LaTeX Font Info:    Overwriting symbol font `letters' in version `bold'
(Font)                  OML/cmm/b/it --> OML/pxmi/m/it on input line 58.
LaTeX Font Info:    Overwriting symbol font `letters' in version `bold'
(Font)                  OML/pxmi/m/it --> OML/pxmi/bx/it on input line 59.
\symlettersA=\mathgroup5
LaTeX Font Info:    Overwriting symbol font `lettersA' in version `bold'
(Font)                  U/pxmia/m/it --> U/pxmia/bx/it on input line 67.
LaTeX Font Info:    Redeclaring symbol font `symbols' on input line 77.
LaTeX Font Info:    Overwriting symbol font `symbols' in version `normal'
(Font)                  OMS/cmsy/m/n --> OMS/pxsy/m/n on input line 77.
LaTeX Font Info:    Overwriting symbol font `symbols' in version `bold'
(Font)                  OMS/cmsy/b/n --> OMS/pxsy/m/n on input line 77.
LaTeX Font Info:    Overwriting symbol font `symbols' in version `bold'
(Font)                  OMS/pxsy/m/n --> OMS/pxsy/bx/n on input line 78.
\symAMSa=\mathgroup6
LaTeX Font Info:    Overwriting symbol font `AMSa' in version `bold'
(Font)                  U/pxsya/m/n --> U/pxsya/bx/n on input line 94.
\symAMSb=\mathgroup7
LaTeX Font Info:    Overwriting symbol font `AMSb' in version `bold'
(Font)                  U/pxsyb/m/n --> U/pxsyb/bx/n on input line 103.
\symsymbolsC=\mathgroup8
LaTeX Font Info:    Overwriting symbol font `symbolsC' in version `bold'
(Font)                  U/pxsyc/m/n --> U/pxsyc/bx/n on input line 113.
LaTeX Font Info:    Redeclaring symbol font `largesymbols' on input line 120.
LaTeX Font Info:    Overwriting symbol font `largesymbols' in version `normal'
(Font)                  OMX/cmex/m/n --> OMX/pxex/m/n on input line 120.
LaTeX Font Info:    Overwriting symbol font `largesymbols' in version `bold'
(Font)                  OMX/cmex/m/n --> OMX/pxex/m/n on input line 120.
LaTeX Font Info:    Overwriting symbol font `largesymbols' in version `bold'
(Font)                  OMX/pxex/m/n --> OMX/pxex/bx/n on input line 121.
\symlargesymbolsA=\mathgroup9
LaTeX Font Info:    Overwriting symbol font `largesymbolsA' in version `bold'
(Font)                  U/pxexa/m/n --> U/pxexa/bx/n on input line 129.
LaTeX Info: Redefining \not on input line 997.
)
(/usr/share/texmf/tex/latex/xcolor/xcolor.sty
Package: xcolor 2007/01/21 v2.11 LaTeX color extensions (UK)

(/usr/share/texlive/texmf-dist/tex/latex/latexconfig/color.cfg
File: color.cfg 2007/01/18 v1.5 color configuration of teTeX/TeXLive
)
Package xcolor Info: Driver file: pdftex.def on input line 225.

(/usr/share/texlive/texmf-dist/tex/latex/pdftex-def/pdftex.def
File: pdftex.def 2011/05/27 v0.06d Graphics/color for pdfTeX
\Gread@gobject=\count108
)
Package xcolor Info: Model `cmy' substituted by `cmy0' on input line 1337.
Package xcolor Info: Model `hsb' substituted by `rgb' on input line 1341.
Package xcolor Info: Model `RGB' extended on input line 1353.
Package xcolor Info: Model `HTML' substituted by `rgb' on input line 1355.
Package xcolor Info: Model `Hsb' substituted by `hsb' on input line 1356.
Package xcolor Info: Model `tHsb' substituted by `hsb' on input line 1357.
Package xcolor Info: Model `HSB' substituted by `hsb' on input line 1358.
Package xcolor Info: Model `Gray' substituted by `gray' on input line 1359.
Package xcolor Info: Model `wave' substituted by `hsb' on input line 1360.
)
(/usr/share/texlive/texmf-dist/tex/latex/listings/lstlang1.sty
File: lstlang1.sty 2013/08/26 1.5b listings language file
)
(/usr/share/texlive/texmf-dist/tex/latex/listings/lstlang1.sty
File: lstlang1.sty 2013/08/26 1.5b listings language file
)
(/usr/share/texlive/texmf-dist/tex/latex/listings/lstmisc.sty
File: lstmisc.sty 2013/08/26 1.5b (Carsten Heinz)
) (./acm.aux
(./section/graph.aux) (./section/string.aux) (./section/flot.aux)
(./section/tree.aux) (./section/maths.aux) (./section/geometry.aux))
\openout1 = `acm.aux'.

LaTeX Font Info:    Checking defaults for OML/pxmi/m/it on input line 29.
LaTeX Font Info:    Try loading font information for OML+pxmi on input line 29.


(/usr/share/texlive/texmf-dist/tex/latex/pxfonts/omlpxmi.fd
File: omlpxmi.fd 2000/12/14 v1.0
)
LaTeX Font Info:    ... okay on input line 29.
LaTeX Font Info:    Checking defaults for T1/cmr/m/n on input line 29.
LaTeX Font Info:    ... okay on input line 29.
LaTeX Font Info:    Checking defaults for OT1/cmr/m/n on input line 29.
LaTeX Font Info:    ... okay on input line 29.
LaTeX Font Info:    Checking defaults for OMS/pxsy/m/n on input line 29.
LaTeX Font Info:    Try loading font information for OMS+pxsy on input line 29.


(/usr/share/texlive/texmf-dist/tex/latex/pxfonts/omspxsy.fd
File: omspxsy.fd 2000/12/14 v1.0
)
LaTeX Font Info:    ... okay on input line 29.
LaTeX Font Info:    Checking defaults for OMX/pxex/m/n on input line 29.
LaTeX Font Info:    Try loading font information for OMX+pxex on input line 29.


(/usr/share/texlive/texmf-dist/tex/latex/pxfonts/omxpxex.fd
File: omxpxex.fd 2000/12/14 v1.0
)
LaTeX Font Info:    ... okay on input line 29.
LaTeX Font Info:    Checking defaults for U/pxexa/m/n on input line 29.
LaTeX Font Info:    Try loading font information for U+pxexa on input line 29.

(/usr/share/texlive/texmf-dist/tex/latex/pxfonts/upxexa.fd
File: upxexa.fd 2000/12/14 v1.0
)
LaTeX Font Info:    ... okay on input line 29.
LaTeX Font Info:    Checking defaults for PD1/pdf/m/n on input line 29.
LaTeX Font Info:    ... okay on input line 29.
LaTeX Font Info:    Try loading font information for OT1+pxr on input line 29.

(/usr/share/texlive/texmf-dist/tex/latex/pxfonts/ot1pxr.fd
File: ot1pxr.fd 2000/12/14 v1.0
)
*geometry* driver: auto-detecting
*geometry* detected driver: pdftex
*geometry* verbose mode - [ preamble ] result:
* driver: pdftex
* paper: a4paper
* layout: <same size as paper>
* layoutoffset:(h,v)=(0.0pt,0.0pt)
* modes: 
* h-part:(L,W,R)=(57.81621pt, 481.87546pt, 57.81621pt)
* v-part:(T,H,B)=(57.81621pt, 729.41443pt, 57.81621pt)
* \paperwidth=597.50787pt
* \paperheight=845.04684pt
* \textwidth=481.87546pt
* \textheight=729.41443pt
* \oddsidemargin=-14.45378pt
* \evensidemargin=-14.45378pt
* \topmargin=-51.45378pt
* \headheight=12.0pt
* \headsep=25.0pt
* \topskip=11.0pt
* \footskip=30.0pt
* \marginparwidth=50.0pt
* \marginparsep=10.0pt
* \columnsep=10.0pt
* \skip\footins=10.0pt plus 4.0pt minus 2.0pt
* \hoffset=0.0pt
* \voffset=0.0pt
* \mag=1000
* \@twocolumnfalse
* \@twosidefalse
* \@mparswitchfalse
* \@reversemarginfalse
* (1in=72.27pt=25.4mm, 1cm=28.453pt)

\AtBeginShipoutBox=\box28
Package hyperref Info: Link coloring ON on input line 29.
(/usr/share/texlive/texmf-dist/tex/latex/hyperref/nameref.sty
Package: nameref 2012/10/27 v2.43 Cross-referencing by name of section

(/usr/share/texlive/texmf-dist/tex/generic/oberdiek/gettitlestring.sty
Package: gettitlestring 2010/12/03 v1.4 Cleanup title references (HO)
)
\c@section@level=\count109
)
LaTeX Info: Redefining \ref on input line 29.
LaTeX Info: Redefining \pageref on input line 29.
LaTeX Info: Redefining \nameref on input line 29.

(./acm.out) (./acm.out)
\@outlinefile=\write3
\openout3 = `acm.out'.

\c@lstlisting=\count110

(/usr/share/texlive/texmf-dist/tex/context/base/supp-pdf.mkii
[Loading MPS to PDF converter (version 2006.09.02).]
\scratchcounter=\count111
\scratchdimen=\dimen119
\scratchbox=\box29
\nofMPsegments=\count112
\nofMParguments=\count113
\everyMPshowfont=\toks17
\MPscratchCnt=\count114
\MPscratchDim=\dimen120
\MPnumerator=\count115
\makeMPintoPDFobject=\count116
\everyMPtoPDFconversion=\toks18
) (./acm.toc
LaTeX Font Info:    Try loading font information for U+pxmia on input line 2.
 (/usr/share/texlive/texmf-dist/tex/latex/pxfonts/upxmia.fd
File: upxmia.fd 2000/12/14 v1.0
)
LaTeX Font Info:    Try loading font information for U+pxsya on input line 2.

(/usr/share/texlive/texmf-dist/tex/latex/pxfonts/upxsya.fd
File: upxsya.fd 2000/12/14 v1.0
)
LaTeX Font Info:    Try loading font information for U+pxsyb on input line 2.

(/usr/share/texlive/texmf-dist/tex/latex/pxfonts/upxsyb.fd
File: utxsyb.fd 2000/12/14 v1.0
)
LaTeX Font Info:    Try loading font information for U+pxsyc on input line 2.

(/usr/share/texlive/texmf-dist/tex/latex/pxfonts/upxsyc.fd
File: upxsyc.fd 2000/12/14 v1.0
))
\tf@toc=\write4
\openout4 = `acm.toc'.

 [1

{/var/lib/texmf/fonts/map/pdftex/updmap/pdftex.map}]
\openout2 = `section/graph.aux'.

 (./section/graph.tex
LaTeX Font Info:    Try loading font information for OT1+pxtt on input line 4.

(/usr/share/texlive/texmf-dist/tex/latex/pxfonts/ot1pxtt.fd
File: ot1pxtt.fd 2000/12/14 v1.0
)
LaTeX Font Info:    Font shape `OT1/pxtt/bx/n' in size <10.95> not available
(Font)              Font shape `OT1/pxtt/b/n' tried instead on input line 7.
 [2

]
Missing character: There is no √ in font txtt!
Missing character: There is no â in font txtt!
Missing character: There is no √ in font txtt!
Missing character: There is no Ω in font txtt!
Missing character: There is no √ in font txtt!
Missing character: There is no ê in font txtt!
Missing character: There is no √ in font txtt!
Missing character: There is no ≤ in font txtt!
 [3]
Overfull \hbox (4.30847pt too wide) in paragraph at lines 155--156
[][][][][][][][][][][][][][][][][][][][][][][][][][][][][][][][][][][][][][][][
][][][][][][][][][][][][][][][][][][][][][][][][][][][][][][][][][][][][] 
 []

[4]
Missing character: There is no Ë in font txtt!
Missing character: There is no æ in font txtt!
Missing character: There is no Ö in font txtt!
Missing character: There is no © in font txtt!
Missing character: There is no È in font txtt!
Missing character: There is no ò in font txtt!
Missing character: There is no ü in font txtt!
Missing character: There is no à in font txtt!
Missing character: There is no ó in font txtt!
Missing character: There is no Á in font txtt!
Missing character: There is no ö in font txtt!
Missing character: There is no Ñ in font txtt!
Missing character: There is no § in font txtt!
Missing character: There is no ¥ in font txtt!
Missing character: There is no Ë in font txtt!
Missing character: There is no æ in font txtt!
Missing character: There is no Ö in font txtt!
Missing character: There is no © in font txtt!
Missing character: There is no È in font txtt!
Missing character: There is no ò in font txtt!
Missing character: There is no ü in font txtt!
Missing character: There is no à in font txtt!
Missing character: There is no ó in font txtt!
Missing character: There is no Á in font txtt!
Missing character: There is no ö in font txtt!
Missing character: There is no Ñ in font txtt!
Missing character: There is no ∞ in font txtt!
Missing character: There is no æ in font txtt!
Missing character: There is no Ë in font txtt!
Missing character: There is no æ in font txtt!
Missing character: There is no Ö in font txtt!
Missing character: There is no Á in font txtt!
Missing character: There is no ª in font txtt!
Missing character: There is no Ñ in font txtt!
Missing character: There is no È in font txtt!
Missing character: There is no ò in font txtt!
Missing character: There is no ü in font txtt!
Missing character: There is no à in font txtt!
Missing character: There is no ó in font txtt!
Missing character: There is no Ö in font txtt!
Missing character: There is no • in font txtt!
Missing character: There is no ∫ in font txtt!
Missing character: There is no ¶ in font txtt!
Missing character: There is no Ê in font txtt!
Missing character: There is no ï in font txtt!
Missing character: There is no ∞ in font txtt!
Missing character: There is no Á in font txtt!
Missing character: There is no ª in font txtt!
Missing character: There is no Ñ in font txtt!
Missing character: There is no Ê in font txtt!
Missing character: There is no ã in font txtt!
Missing character: There is no ì in font txtt!
Missing character: There is no Ê in font txtt!
Missing character: There is no â in font txtt!
Missing character: There is no ë in font txtt!
Missing character: There is no Ê in font txtt!
Missing character: There is no é in font txtt!
Missing character: There is no í in font txtt!
Missing character: There is no ∫ in font txtt!
Missing character: There is no è in font txtt!
Missing character: There is no Á in font txtt!
Missing character: There is no ª in font txtt!
Missing character: There is no ì in font txtt!
Missing character: There is no Ê in font txtt!
Missing character: There is no û in font txtt!
Missing character: There is no ú in font txtt!
Missing character: There is no Ê in font txtt!
Missing character: There is no ï in font txtt!
Missing character: There is no ∞ in font txtt!
Missing character: There is no Á in font txtt!
Missing character: There is no ª in font txtt!
Missing character: There is no Ñ in font txtt!
Missing character: There is no Ô in font txtt!
Missing character: There is no º in font txtt!
Missing character: There is no å in font txtt!
Missing character: There is no Ë in font txtt!
Missing character: There is no Æ in font txtt!
Missing character: There is no ∞ in font txtt!
Missing character: There is no Ω in font txtt!
Missing character: There is no ï in font txtt!
Missing character: There is no Ê in font txtt!
Missing character: There is no Ø in font txtt!
Missing character: There is no è in font txtt!
Missing character: There is no ‰ in font txtt!
Missing character: There is no ∏ in font txtt!
Missing character: There is no Ë in font txtt!
Missing character: There is no Ç in font txtt!
Missing character: There is no Á in font txtt!
Missing character: There is no Ç in font txtt!
Missing character: There is no π in font txtt!
Missing character: There is no Á in font txtt!
Missing character: There is no ö in font txtt!
Missing character: There is no Ñ in font txtt!
Missing character: There is no Ê in font txtt!
Missing character: There is no é in font txtt!
Missing character: There is no í in font txtt!
Missing character: There is no ∫ in font txtt!
Missing character: There is no è in font txtt!
Missing character: There is no ê in font txtt!
Missing character: There is no é in font txtt!
Missing character: There is no Á in font txtt!
Missing character: There is no ö in font txtt!
Missing character: There is no Ñ in font txtt!
Missing character: There is no ∫ in font txtt!
Missing character: There is no è in font txtt!
Missing character: There is no è in font txtt!
Missing character: There is no ∑ in font txtt!
Missing character: There is no „ in font txtt!
Missing character: There is no Ä in font txtt!
Missing character: There is no Ç in font txtt!

Overfull \hbox (175.12985pt too wide) in paragraph at lines 217--218
[][][][][][][][][][][][][][][][][][][][][][][] 
 []

[5]
Missing character: There is no Ö in font txtt!
Missing character: There is no • in font txtt!
Missing character: There is no È in font txtt!
Missing character: There is no ò in font txtt!
Missing character: There is no ü in font txtt!
Missing character: There is no à in font txtt!
Missing character: There is no ó in font txtt!
Missing character: There is no È in font txtt!
Missing character: There is no ò in font txtt!
Missing character: There is no ü in font txtt!
Missing character: There is no à in font txtt!
Missing character: There is no ó in font txtt!
Missing character: There is no È in font txtt!
Missing character: There is no ù in font txtt!
Missing character: There is no û in font txtt!
Missing character: There is no Á in font txtt!
Missing character: There is no © in font txtt!
Missing character: There is no ∫ in font txtt!
Missing character: There is no á in font txtt!
Missing character: There is no ∫ in font txtt!
Missing character: There is no È in font txtt!
Missing character: There is no ò in font txtt!
Missing character: There is no ü in font txtt!
Missing character: There is no à in font txtt!
Missing character: There is no ó in font txtt!
Missing character: There is no „ in font txtt!
Missing character: There is no Ä in font txtt!
Missing character: There is no Ç in font txtt!
Missing character: There is no Ê in font txtt!
Missing character: There is no ò in font txtt!
Missing character: There is no Ø in font txtt!
Missing character: There is no È in font txtt!
Missing character: There is no ° in font txtt!
Missing character: There is no ∂ in font txtt!
Missing character: There is no Á in font txtt!
Missing character: There is no Ç in font txtt!
Missing character: There is no π in font txtt!
Missing character: There is no Á in font txtt!
Missing character: There is no ö in font txtt!
Missing character: There is no Ñ in font txtt!
Missing character: There is no ∫ in font txtt!
Missing character: There is no è in font txtt!
Missing character: There is no è in font txtt!
Missing character: There is no ∑ in font txtt!

Overfull \hbox (4.30847pt too wide) in paragraph at lines 245--246
[][][][][][][][][][][][][][][][][][][][][][][][][][] 
 []

Missing character: There is no ∞ in font txtt!
Missing character: There is no Ü in font txtt!
Missing character: There is no Ë in font txtt!
Missing character: There is no Ø in font txtt!
Missing character: There is no • in font txtt!
Missing character: There is no È in font txtt!
Missing character: There is no ° in font txtt!
Missing character: There is no ∂ in font txtt!
Missing character: There is no Á in font txtt!
Missing character: There is no Ç in font txtt!
Missing character: There is no π in font txtt!
Missing character: There is no Ê in font txtt!
Missing character: There is no ∑ in font txtt!
Missing character: There is no ª in font txtt!
Missing character: There is no † in font txtt!
Missing character: There is no à in font txtt!
Missing character: There is no ∞ in font txtt!
Missing character: There is no ‰ in font txtt!
Missing character: There is no ∏ in font txtt!
Missing character: There is no ≠ in font txtt!
Missing character: There is no Ô in font txtt!
Missing character: There is no º in font txtt!
Missing character: There is no å in font txtt!
Missing character: There is no Ê in font txtt!
Missing character: There is no ò in font txtt!
Missing character: There is no Ø in font txtt!
Missing character: There is no Ê in font txtt!
Missing character: There is no é in font txtt!
Missing character: There is no í in font txtt!
Missing character: There is no ∫ in font txtt!
Missing character: There is no è in font txtt!
Missing character: There is no Á in font txtt!
Missing character: There is no ª in font txtt!
Missing character: There is no ì in font txtt!
Missing character: There is no Ê in font txtt!
Missing character: There is no û in font txtt!
Missing character: There is no ú in font txtt!

Overfull \hbox (122.56943pt too wide) in paragraph at lines 246--247
[][][][][][][][][][][][][][][][][][][][][][][][][][][][][] 
 []

Missing character: There is no Ë in font txtt!
Missing character: There is no é in font txtt!
Missing character: There is no ∑ in font txtt!
Missing character: There is no è in font txtt!
Missing character: There is no ñ in font txtt!
Missing character: There is no ‰ in font txtt!
Missing character: There is no ª in font txtt!
Missing character: There is no • in font txtt!
Missing character: There is no Ë in font txtt!
Missing character: There is no Ø in font txtt!
Missing character: There is no • in font txtt!
Missing character: There is no È in font txtt!
Missing character: There is no ° in font txtt!
Missing character: There is no ∂ in font txtt!
Missing character: There is no Á in font txtt!
Missing character: There is no Ç in font txtt!
Missing character: There is no π in font txtt!
Missing character: There is no ‰ in font txtt!
Missing character: There is no ∏ in font txtt!
Missing character: There is no ∫ in font txtt!
Missing character: There is no Ë in font txtt!
Missing character: There is no µ in font txtt!
Missing character: There is no ∑ in font txtt!
Missing character: There is no Á in font txtt!
Missing character: There is no Ç in font txtt!
Missing character: There is no π in font txtt!
Missing character: There is no Á in font txtt!
Missing character: There is no ö in font txtt!
Missing character: There is no Ñ in font txtt!
Missing character: There is no á in font txtt!
Missing character: There is no ∫ in font txtt!
Missing character: There is no Ë in font txtt!
Missing character: There is no æ in font txtt!
Missing character: There is no π in font txtt!
Missing character: There is no È in font txtt!
Missing character: There is no ò in font txtt!
Missing character: There is no ü in font txtt!
Missing character: There is no à in font txtt!
Missing character: There is no ó in font txtt!

Overfull \hbox (76.57906pt too wide) in paragraph at lines 247--249
[][][][][][][][][][][][][][][][][][][][][][][][][][] 
 []

Missing character: There is no ∞ in font txtt!
Missing character: There is no Ü in font txtt!
Missing character: There is no ‰ in font txtt!
Missing character: There is no ∏ in font txtt!
Missing character: There is no é in font txtt!
Missing character: There is no Ö in font txtt!
Missing character: There is no ≥ in font txtt!
Missing character: There is no Ë in font txtt!
Missing character: There is no Å in font txtt!
Missing character: There is no î in font txtt!
Missing character: There is no Á in font txtt!
Missing character: There is no ö in font txtt!
Missing character: There is no Ñ in font txtt!
Missing character: There is no Ë in font txtt!
Missing character: There is no Ç in font txtt!
Missing character: There is no Á in font txtt!
Missing character: There is no Ç in font txtt!
Missing character: There is no π in font txtt!
Missing character: There is no Á in font txtt!
Missing character: There is no ö in font txtt!
Missing character: There is no Ñ in font txtt!
Missing character: There is no Ö in font txtt!
Missing character: There is no • in font txtt!
Missing character: There is no ∫ in font txtt!
Missing character: There is no ¶ in font txtt!
Missing character: There is no á in font txtt!
Missing character: There is no è in font txtt!
Missing character: There is no Ô in font txtt!
Missing character: There is no º in font txtt!
Missing character: There is no õ in font txtt!
Missing character: There is no Ë in font txtt!
Missing character: There is no ã in font txtt!
Missing character: There is no • in font txtt!
Missing character: There is no á in font txtt!
Missing character: There is no è in font txtt!
Missing character: There is no ‰ in font txtt!
Missing character: There is no π in font txtt!
Missing character: There is no ã in font txtt!
Missing character: There is no ê in font txtt!
Missing character: There is no é in font txtt!
Missing character: There is no Ô in font txtt!
Missing character: There is no º in font txtt!
Missing character: There is no å in font txtt!
Missing character: There is no Ë in font txtt!
Missing character: There is no Ø in font txtt!
Missing character: There is no • in font txtt!
Missing character: There is no Ë in font txtt!
Missing character: There is no Ç in font txtt!
Missing character: There is no Á in font txtt!
Missing character: There is no Ç in font txtt!
Missing character: There is no π in font txtt!
Missing character: There is no Á in font txtt!
Missing character: There is no ö in font txtt!
Missing character: There is no Ñ in font txtt!
Missing character: There is no Ö in font txtt!
Missing character: There is no • in font txtt!
Missing character: There is no ∫ in font txtt!
Missing character: There is no ¶ in font txtt!
Missing character: There is no ‰ in font txtt!
Missing character: There is no ∏ in font txtt!
Missing character: There is no ∫ in font txtt!
Missing character: There is no Ô in font txtt!
Missing character: There is no º in font txtt!
Missing character: There is no õ in font txtt!
Missing character: There is no à in font txtt!
Missing character: There is no ô in font txtt!
Missing character: There is no ∞ in font txtt!
Missing character: There is no Ü in font txtt!
Missing character: There is no Ë in font txtt!
Missing character: There is no Ø in font txtt!
Missing character: There is no • in font txtt!
Missing character: There is no Ë in font txtt!
Missing character: There is no Ç in font txtt!
Missing character: There is no Á in font txtt!
Missing character: There is no Ç in font txtt!
Missing character: There is no π in font txtt!
Missing character: There is no Ê in font txtt!
Missing character: There is no ∑ in font txtt!
Missing character: There is no ª in font txtt!
Missing character: There is no † in font txtt!
Missing character: There is no à in font txtt!
Missing character: There is no ∞ in font txtt!
Missing character: There is no È in font txtt!
Missing character: There is no ò in font txtt!
Missing character: There is no ü in font txtt!
Missing character: There is no à in font txtt!
Missing character: There is no ó in font txtt!
Missing character: There is no ‰ in font txtt!
Missing character: There is no ∏ in font txtt!
Missing character: There is no ≠ in font txtt!
Missing character: There is no „ in font txtt!
Missing character: There is no Ä in font txtt!
Missing character: There is no Ç in font txtt!

Overfull \hbox (96.28922pt too wide) in paragraph at lines 250--251
[][][][][][][][][][][][][] 
 []

Missing character: There is no ∞ in font txtt!
Missing character: There is no Ü in font txtt!
Missing character: There is no Ë in font txtt!
Missing character: There is no Ç in font txtt!
Missing character: There is no Á in font txtt!
Missing character: There is no Ç in font txtt!
Missing character: There is no π in font txtt!
Missing character: There is no ∫ in font txtt!
Missing character: There is no è in font txtt!
Missing character: There is no è in font txtt!
Missing character: There is no ∑ in font txtt!
Missing character: There is no ‰ in font txtt!
Missing character: There is no ∏ in font txtt!
Missing character: There is no ∫ in font txtt!
Missing character: There is no Á in font txtt!
Missing character: There is no ö in font txtt!
Missing character: There is no Ñ in font txtt!
Missing character: There is no Ö in font txtt!
Missing character: There is no • in font txtt!
Missing character: There is no ∫ in font txtt!
Missing character: There is no ¶ in font txtt!
Missing character: There is no á in font txtt!
Missing character: There is no è in font txtt!
Missing character: There is no „ in font txtt!
Missing character: There is no Ä in font txtt!
Missing character: There is no Ç in font txtt!
Missing character: There is no Ë in font txtt!
Missing character: There is no ã in font txtt!
Missing character: There is no • in font txtt!
Missing character: There is no Ë in font txtt!
Missing character: There is no Ç in font txtt!
Missing character: There is no Á in font txtt!
Missing character: There is no Ç in font txtt!
Missing character: There is no π in font txtt!
Missing character: There is no Á in font txtt!
Missing character: There is no ö in font txtt!
Missing character: There is no Ñ in font txtt!
Missing character: There is no Ö in font txtt!
Missing character: There is no • in font txtt!
Missing character: There is no ∫ in font txtt!
Missing character: There is no ¶ in font txtt!
Missing character: There is no ‰ in font txtt!
Missing character: There is no ∏ in font txtt!
Missing character: There is no ∫ in font txtt!
Missing character: There is no Ô in font txtt!
Missing character: There is no º in font txtt!
Missing character: There is no å in font txtt!
Missing character: There is no à in font txtt!
Missing character: There is no ô in font txtt!
Missing character: There is no ∞ in font txtt!
Missing character: There is no Ü in font txtt!
Missing character: There is no Ö in font txtt!
Missing character: There is no ∂ in font txtt!
Missing character: There is no Ö in font txtt!
Missing character: There is no • in font txtt!
Missing character: There is no È in font txtt!
Missing character: There is no ò in font txtt!
Missing character: There is no ü in font txtt!
Missing character: There is no à in font txtt!
Missing character: There is no ó in font txtt!
Missing character: There is no Ö in font txtt!
Missing character: There is no • in font txtt!
Missing character: There is no È in font txtt!
Missing character: There is no ò in font txtt!
Missing character: There is no ü in font txtt!
Missing character: There is no à in font txtt!
Missing character: There is no ó in font txtt!
Missing character: There is no Ê in font txtt!
Missing character: There is no â in font txtt!
Missing character: There is no ì in font txtt!
Missing character: There is no ç in font txtt!
Missing character: There is no ∞ in font txtt!
Missing character: There is no Ê in font txtt!
Missing character: There is no ã in font txtt!
Missing character: There is no ì in font txtt!
Missing character: There is no Ê in font txtt!
Missing character: There is no â in font txtt!
Missing character: There is no ë in font txtt!
Missing character: There is no Ê in font txtt!
Missing character: There is no é in font txtt!
Missing character: There is no í in font txtt!
Missing character: There is no ∫ in font txtt!
Missing character: There is no è in font txtt!
Missing character: There is no Á in font txtt!
Missing character: There is no ª in font txtt!
Missing character: There is no ì in font txtt!
Missing character: There is no Ê in font txtt!
Missing character: There is no û in font txtt!
Missing character: There is no ú in font txtt!
[6]
Missing character: There is no ‰ in font txtt!
Missing character: There is no ª in font txtt!
Missing character: There is no é in font txtt!
Missing character: There is no ∑ in font txtt!
Missing character: There is no ¶ in font txtt!
Missing character: There is no Ë in font txtt!
Missing character: There is no æ in font txtt!
Missing character: There is no π in font txtt!
Missing character: There is no º in font txtt!
Missing character: There is no Ä in font txtt!
Missing character: There is no ß in font txtt!
Missing character: There is no ã in font txtt!
Missing character: There is no Ê in font txtt!
Missing character: There is no â in font txtt!
Missing character: There is no æ in font txtt!
Missing character: There is no û in font txtt!
Missing character: There is no π in font txtt!
Missing character: There is no ø in font txtt!
Missing character: There is no Ë in font txtt!
Missing character: There is no ∑ in font txtt!
Missing character: There is no Ø in font txtt!
Missing character: There is no æ in font txtt!
Missing character: There is no Ñ in font txtt!
Missing character: There is no è in font txtt!
Missing character: There is no ≥ in font txtt!
Missing character: There is no Ë in font txtt!
Missing character: There is no æ in font txtt!
Missing character: There is no π in font txtt!
Missing character: There is no È in font txtt!
Missing character: There is no ° in font txtt!
Missing character: There is no ∂ in font txtt!
Missing character: There is no Á in font txtt!
Missing character: There is no Ç in font txtt!
Missing character: There is no π in font txtt!
Missing character: There is no Á in font txtt!
Missing character: There is no º in font txtt!
Missing character: There is no ñ in font txtt!
Missing character: There is no è in font txtt!
Missing character: There is no ∑ in font txtt!
Missing character: There is no ‰ in font txtt!
Missing character: There is no ª in font txtt!
Missing character: There is no é in font txtt!
Missing character: There is no º in font txtt!
Missing character: There is no Ä in font txtt!
Missing character: There is no ß in font txtt!
Missing character: There is no ã in font txtt!
Missing character: There is no ¶ in font txtt!
Missing character: There is no Ç in font txtt!
Missing character: There is no Ê in font txtt!
Missing character: There is no û in font txtt!
Missing character: There is no ú in font txtt!
Missing character: There is no ≠ in font txtt!
Missing character: There is no ò in font txtt!
Missing character: There is no ú in font txtt!
Missing character: There is no ® in font txtt!
Missing character: There is no È in font txtt!
Missing character: There is no Ä in font txtt!
Missing character: There is no ö in font txtt!
Missing character: There is no Ë in font txtt!
Missing character: There is no ∑ in font txtt!
Missing character: There is no Ø in font txtt!
Missing character: There is no ‰ in font txtt!
Missing character: There is no ∏ in font txtt!
Missing character: There is no î in font txtt!
Missing character: There is no ‰ in font txtt!
Missing character: There is no ª in font txtt!
Missing character: There is no é in font txtt!
Missing character: There is no º in font txtt!
Missing character: There is no Ä in font txtt!
Missing character: There is no ß in font txtt!
Missing character: There is no ã in font txtt!
Missing character: There is no Ê in font txtt!
Missing character: There is no ê in font txtt!
Missing character: There is no ú in font txtt!
Missing character: There is no Á in font txtt!
Missing character: There is no ¥ in font txtt!
Missing character: There is no Ê in font txtt!
Missing character: There is no ó in font txtt!
Missing character: There is no ∂ in font txtt!
Missing character: There is no Ë in font txtt!
Missing character: There is no Ø in font txtt!
Missing character: There is no • in font txtt!
Missing character: There is no Á in font txtt!
Missing character: There is no Ç in font txtt!
Missing character: There is no π in font txtt!
Missing character: There is no Ê in font txtt!
Missing character: There is no ≤ in font txtt!
Missing character: There is no ° in font txtt!
Missing character: There is no Ë in font txtt!
Missing character: There is no Æ in font txtt!
Missing character: There is no ø in font txtt!
Missing character: There is no È in font txtt!
Missing character: There is no ó in font txtt!
Missing character: There is no Æ in font txtt!
Missing character: There is no Ë in font txtt!
Missing character: There is no ø in font txtt!
Missing character: There is no á in font txtt!

Overfull \hbox (175.12985pt too wide) in paragraph at lines 293--294
[][][][][][][][][][][][][][][][][][][][][][][][][][][][][][][][][] 
 []

Missing character: There is no Ê in font txtt!
Missing character: There is no â in font txtt!
Missing character: There is no æ in font txtt!
Missing character: There is no û in font txtt!
Missing character: There is no π in font txtt!
Missing character: There is no ø in font txtt!
Missing character: There is no Ë in font txtt!
Missing character: There is no ∑ in font txtt!
Missing character: There is no Ø in font txtt!
[7]) [8]
\openout2 = `section/string.aux'.

 (./section/string.tex) [9


]
\openout2 = `section/flot.aux'.

 (./section/flot.tex
Package hyperref Info: bookmark level for unknown lstlisting defaults to 0 on i
nput line 5.

(../code/edmonds_karp.cpp
Overfull \hbox (96.28922pt too wide) in paragraph at lines 13--14
[][][][][][][][][][][][][][][][][][][][][][][][][][][][][][][][][][][][][][][][
][][][][][][][][][][][][][][] 
 []

Missing character: There is no Ê in font txtt!
Missing character: There is no ≤ in font txtt!
Missing character: There is no ° in font txtt!
Missing character: There is no Ê in font txtt!
Missing character: There is no ú in font txtt!
Missing character: There is no â in font txtt!
Missing character: There is no û in font txtt!
Missing character: There is no π in font txtt!
Missing character: There is no ø in font txtt!
Missing character: There is no Ë in font txtt!
Missing character: There is no ∑ in font txtt!
Missing character: There is no Ø in font txtt!
Missing character: There is no Á in font txtt!
Missing character: There is no Æ in font txtt!
Missing character: There is no ó in font txtt!
Missing character: There is no Ê in font txtt!
Missing character: There is no ≥ in font txtt!
Missing character: There is no ï in font txtt!
Missing character: There is no Á in font txtt!
Missing character: There is no ª in font txtt!
Missing character: There is no ì in font txtt!
Missing character: There is no Ê in font txtt!
Missing character: There is no ù in font txtt!
Missing character: There is no ü in font txtt!
Missing character: There is no Ê in font txtt!
Missing character: There is no â in font txtt!
Missing character: There is no ì in font txtt!
Missing character: There is no ç in font txtt!
Missing character: There is no ∞ in font txtt!
Missing character: There is no Ê in font txtt!
Missing character: There is no ú in font txtt!
Missing character: There is no Ä in font txtt!
Missing character: There is no ∞ in font txtt!
Missing character: There is no è in font txtt!
Missing character: There is no â in font txtt!
Missing character: There is no ≤ in font txtt!
Missing character: There is no Ê in font txtt!
Missing character: There is no ú in font txtt!
Missing character: There is no Ä in font txtt!
Missing character: There is no ∞ in font txtt!
Missing character: There is no è in font txtt!
Missing character: There is no â in font txtt!
Missing character: There is no ≤ in font txtt!
Missing character: There is no È in font txtt!
Missing character: There is no õ in font txtt!
Missing character: There is no Ü in font txtt!
Missing character: There is no Ê in font txtt!
Missing character: There is no ú in font txtt!
Missing character: There is no Ä in font txtt!
Missing character: There is no ∞ in font txtt!
Missing character: There is no è in font txtt!
Missing character: There is no â in font txtt!
Missing character: There is no ≤ in font txtt!
Missing character: There is no È in font txtt!
Missing character: There is no õ in font txtt!
Missing character: There is no Ü in font txtt!
Missing character: There is no Ê in font txtt!
Missing character: There is no ú in font txtt!
Missing character: There is no Ä in font txtt!
Missing character: There is no § in font txtt!
Missing character: There is no ß in font txtt!
Missing character: There is no Ê in font txtt!
Missing character: There is no µ in font txtt!
Missing character: There is no Å in font txtt!
[10


]
Missing character: There is no Ë in font txtt!
Missing character: There is no ø in font txtt!
Missing character: There is no ô in font txtt!
Missing character: There is no Ê in font txtt!
Missing character: There is no ù in font txtt!
Missing character: There is no ° in font txtt!
Missing character: There is no û in font txtt!
Missing character: There is no π in font txtt!
Missing character: There is no ø in font txtt!
Missing character: There is no Ë in font txtt!
Missing character: There is no ∑ in font txtt!
Missing character: There is no Ø in font txtt!
Missing character: There is no Á in font txtt!
Missing character: There is no ª in font txtt!
Missing character: There is no ô in font txtt!
Missing character: There is no Ê in font txtt!
Missing character: There is no ú in font txtt!
Missing character: There is no Ä in font txtt!
Missing character: There is no § in font txtt!
Missing character: There is no ß in font txtt!
Missing character: There is no Ê in font txtt!
Missing character: There is no µ in font txtt!
Missing character: There is no Å in font txtt!
Missing character: There is no û in font txtt!
Missing character: There is no † in font txtt!
Missing character: There is no ‰ in font txtt!
Missing character: There is no ∫ in font txtt!
Missing character: There is no Ü in font txtt!
)) [11]
\openout2 = `section/tree.aux'.

 (./section/tree.tex) [12


]
\openout2 = `section/maths.aux'.

 (./section/maths.tex) [13


]
\openout2 = `section/geometry.aux'.


(./section/geometry.tex) [14


]
Package atveryend Info: Empty hook `BeforeClearDocument' on input line 39.
Package atveryend Info: Empty hook `AfterLastShipout' on input line 39.
 (./acm.aux (./section/graph.aux)
(./section/string.aux) (./section/flot.aux) (./section/tree.aux)
(./section/maths.aux) (./section/geometry.aux))
Package atveryend Info: Executing hook `AtVeryEndDocument' on input line 39.
Package atveryend Info: Executing hook `AtEndAfterFileList' on input line 39.
Package rerunfilecheck Info: File `acm.out' has not changed.
(rerunfilecheck)             Checksum: 6B9DC2386A96D3ECDEE693DD217CDE54;1873.
Package atveryend Info: Empty hook `AtVeryVeryEnd' on input line 39.
 ) 
Here is how much of TeX's memory you used:
 8621 strings out of 493304
 121516 string characters out of 6139871
 253935 words of memory out of 5000000
 11532 multiletter control sequences out of 15000+600000
 19349 words of font info for 60 fonts, out of 8000000 for 9000
 957 hyphenation exceptions out of 8191
 33i,6n,58p,187b,1634s stack positions out of 5000i,500n,10000p,200000b,80000s
{/usr/share/texlive/texmf-dist/fonts/enc/dvips/base/8r.enc}</usr/share/texliv
e/texmf-dist/fonts/type1/public/txfonts/txbtt.pfb></usr/share/texlive/texmf-dis
t/fonts/type1/public/txfonts/txtt.pfb></usr/share/texlive/texmf-dist/fonts/type
1/urw/palatino/uplb8a.pfb></usr/share/texlive/texmf-dist/fonts/type1/urw/palati
no/uplr8a.pfb>
Output written on acm.pdf (14 pages, 86499 bytes).
PDF statistics:
 723 PDF objects out of 1000 (max. 8388607)
 696 compressed objects within 7 object streams
 433 named destinations out of 1000 (max. 500000)
 249 words of extra memory for PDF output out of 10000 (max. 10000000)

