This is pdfTeX, Version 3.14159265-2.6-1.40.15 (TeX Live 2015/dev/Debian) (preloaded format=pdflatex 2015.5.24)  21 OCT 2015 16:38
entering extended mode
 restricted \write18 enabled.
 %&-line parsing enabled.
**acm.tex
(./acm.tex
LaTeX2e <2014/05/01>
Babel <3.9l> and hyphenation patterns for 79 languages loaded.
(/usr/share/texlive/texmf-dist/tex/latex/base/article.cls
Document Class: article 2014/09/29 v1.4h Standard LaTeX document class
(/usr/share/texlive/texmf-dist/tex/latex/base/size11.clo
File: size11.clo 2014/09/29 v1.4h Standard LaTeX file (size option)
)
\c@part=\count79
\c@section=\count80
\c@subsection=\count81
\c@subsubsection=\count82
\c@paragraph=\count83
\c@subparagraph=\count84
\c@figure=\count85
\c@table=\count86
\abovecaptionskip=\skip41
\belowcaptionskip=\skip42
\bibindent=\dimen102
)
(/usr/share/texlive/texmf-dist/tex/latex/geometry/geometry.sty
Package: geometry 2010/09/12 v5.6 Page Geometry

(/usr/share/texlive/texmf-dist/tex/latex/graphics/keyval.sty
Package: keyval 2014/05/08 v1.15 key=value parser (DPC)
\KV@toks@=\toks14
)
(/usr/share/texlive/texmf-dist/tex/generic/oberdiek/ifpdf.sty
Package: ifpdf 2011/01/30 v2.3 Provides the ifpdf switch (HO)
Package ifpdf Info: pdfTeX in PDF mode is detected.
)
(/usr/share/texlive/texmf-dist/tex/generic/oberdiek/ifvtex.sty
Package: ifvtex 2010/03/01 v1.5 Detect VTeX and its facilities (HO)
Package ifvtex Info: VTeX not detected.
)
(/usr/share/texlive/texmf-dist/tex/generic/ifxetex/ifxetex.sty
Package: ifxetex 2010/09/12 v0.6 Provides ifxetex conditional
)
\Gm@cnth=\count87
\Gm@cntv=\count88
\c@Gm@tempcnt=\count89
\Gm@bindingoffset=\dimen103
\Gm@wd@mp=\dimen104
\Gm@odd@mp=\dimen105
\Gm@even@mp=\dimen106
\Gm@layoutwidth=\dimen107
\Gm@layoutheight=\dimen108
\Gm@layouthoffset=\dimen109
\Gm@layoutvoffset=\dimen110
\Gm@dimlist=\toks15
)
(/usr/share/texlive/texmf-dist/tex/latex/listings/listings.sty
\lst@mode=\count90
\lst@gtempboxa=\box26
\lst@token=\toks16
\lst@length=\count91
\lst@currlwidth=\dimen111
\lst@column=\count92
\lst@pos=\count93
\lst@lostspace=\dimen112
\lst@width=\dimen113
\lst@newlines=\count94
\lst@lineno=\count95
\lst@maxwidth=\dimen114

(/usr/share/texlive/texmf-dist/tex/latex/listings/lstmisc.sty
File: lstmisc.sty 2014/09/06 1.5e (Carsten Heinz)
\c@lstnumber=\count96
\lst@skipnumbers=\count97
\lst@framebox=\box27
)
(/usr/share/texlive/texmf-dist/tex/latex/listings/listings.cfg
File: listings.cfg 2014/09/06 1.5e listings configuration
))
Package: listings 2014/09/06 1.5e (Carsten Heinz)

(/usr/share/texlive/texmf-dist/tex/latex/xcolor/xcolor.sty
Package: xcolor 2007/01/21 v2.11 LaTeX color extensions (UK)

(/usr/share/texlive/texmf-dist/tex/latex/latexconfig/color.cfg
File: color.cfg 2007/01/18 v1.5 color configuration of teTeX/TeXLive
)
Package xcolor Info: Driver file: pdftex.def on input line 225.

(/usr/share/texlive/texmf-dist/tex/latex/pdftex-def/pdftex.def
File: pdftex.def 2011/05/27 v0.06d Graphics/color for pdfTeX

(/usr/share/texlive/texmf-dist/tex/generic/oberdiek/infwarerr.sty
Package: infwarerr 2010/04/08 v1.3 Providing info/warning/error messages (HO)
)
(/usr/share/texlive/texmf-dist/tex/generic/oberdiek/ltxcmds.sty
Package: ltxcmds 2011/11/09 v1.22 LaTeX kernel commands for general use (HO)
)
\Gread@gobject=\count98
)
Package xcolor Info: Model `cmy' substituted by `cmy0' on input line 1337.
Package xcolor Info: Model `hsb' substituted by `rgb' on input line 1341.
Package xcolor Info: Model `RGB' extended on input line 1353.
Package xcolor Info: Model `HTML' substituted by `rgb' on input line 1355.
Package xcolor Info: Model `Hsb' substituted by `hsb' on input line 1356.
Package xcolor Info: Model `tHsb' substituted by `hsb' on input line 1357.
Package xcolor Info: Model `HSB' substituted by `hsb' on input line 1358.
Package xcolor Info: Model `Gray' substituted by `gray' on input line 1359.
Package xcolor Info: Model `wave' substituted by `hsb' on input line 1360.
)
(/usr/share/texlive/texmf-dist/tex/latex/listings/lstlang1.sty
File: lstlang1.sty 2014/09/06 1.5e listings language file
)
(/usr/share/texlive/texmf-dist/tex/latex/listings/lstlang1.sty
File: lstlang1.sty 2014/09/06 1.5e listings language file
)
(/usr/share/texlive/texmf-dist/tex/latex/listings/lstmisc.sty
File: lstmisc.sty 2014/09/06 1.5e (Carsten Heinz)
) (./acm.aux
(./section/graph.aux) (./section/string.aux) (./section/flot.aux)
(./section/tree.aux) (./section/maths.aux) (./section/geometry.aux))
\openout1 = `acm.aux'.

LaTeX Font Info:    Checking defaults for OML/cmm/m/it on input line 12.
LaTeX Font Info:    ... okay on input line 12.
LaTeX Font Info:    Checking defaults for T1/cmr/m/n on input line 12.
LaTeX Font Info:    ... okay on input line 12.
LaTeX Font Info:    Checking defaults for OT1/cmr/m/n on input line 12.
LaTeX Font Info:    ... okay on input line 12.
LaTeX Font Info:    Checking defaults for OMS/cmsy/m/n on input line 12.
LaTeX Font Info:    ... okay on input line 12.
LaTeX Font Info:    Checking defaults for OMX/cmex/m/n on input line 12.
LaTeX Font Info:    ... okay on input line 12.
LaTeX Font Info:    Checking defaults for U/cmr/m/n on input line 12.
LaTeX Font Info:    ... okay on input line 12.

*geometry* driver: auto-detecting
*geometry* detected driver: pdftex
*geometry* verbose mode - [ preamble ] result:
* driver: pdftex
* paper: a4paper
* layout: <same size as paper>
* layoutoffset:(h,v)=(0.0pt,0.0pt)
* modes: 
* h-part:(L,W,R)=(90.3375pt, 416.83289pt, 90.3375pt)
* v-part:(T,H,B)=(86.72377pt, 649.91808pt, 108.405pt)
* \paperwidth=597.50787pt
* \paperheight=845.04684pt
* \textwidth=416.83289pt
* \textheight=649.91808pt
* \oddsidemargin=18.0675pt
* \evensidemargin=18.0675pt
* \topmargin=-22.54622pt
* \headheight=12.0pt
* \headsep=25.0pt
* \topskip=11.0pt
* \footskip=30.0pt
* \marginparwidth=50.0pt
* \marginparsep=10.0pt
* \columnsep=10.0pt
* \skip\footins=10.0pt plus 4.0pt minus 2.0pt
* \hoffset=0.0pt
* \voffset=0.0pt
* \mag=1000
* \@twocolumnfalse
* \@twosidefalse
* \@mparswitchfalse
* \@reversemarginfalse
* (1in=72.27pt=25.4mm, 1cm=28.453pt)

\c@lstlisting=\count99
(/usr/share/texlive/texmf-dist/tex/context/base/supp-pdf.mkii
[Loading MPS to PDF converter (version 2006.09.02).]
\scratchcounter=\count100
\scratchdimen=\dimen115
\scratchbox=\box28
\nofMPsegments=\count101
\nofMParguments=\count102
\everyMPshowfont=\toks17
\MPscratchCnt=\count103
\MPscratchDim=\dimen116
\MPnumerator=\count104
\makeMPintoPDFobject=\count105
\everyMPtoPDFconversion=\toks18
) (./acm.toc
LaTeX Font Info:    External font `cmex10' loaded for size
(Font)              <10.95> on input line 2.
LaTeX Font Info:    External font `cmex10' loaded for size
(Font)              <8> on input line 2.
LaTeX Font Info:    External font `cmex10' loaded for size
(Font)              <6> on input line 2.
)
\tf@toc=\write3
\openout3 = `acm.toc'.

 [1

{/var/lib/texmf/fonts/map/pdftex/updmap/pdftex.map}]
\openout2 = `section/graph.aux'.


(./section/graph.tex
LaTeX Font Info:    Try loading font information for OMS+cmr on input line 5.
 (/usr/share/texlive/texmf-dist/tex/latex/base/omscmr.fd
File: omscmr.fd 2014/09/29 v2.5h Standard LaTeX font definitions
)
LaTeX Font Info:    Font shape `OMS/cmr/m/it' in size <9> not available
(Font)              Font shape `OMS/cmsy/m/n' tried instead on input line 5.
LaTeX Font Info:    Font shape `OMS/cmr/m/n' in size <9> not available
(Font)              Font shape `OMS/cmsy/m/n' tried instead on input line 7.
LaTeX Font Info:    Try loading font information for OML+cmr on input line 17.

(/usr/share/texlive/texmf-dist/tex/latex/base/omlcmr.fd
File: omlcmr.fd 2014/09/29 v2.5h Standard LaTeX font definitions
)
LaTeX Font Info:    Font shape `OML/cmr/m/n' in size <9> not available
(Font)              Font shape `OML/cmm/m/it' tried instead on input line 17.
LaTeX Font Info:    External font `cmex10' loaded for size
(Font)              <9> on input line 44.
LaTeX Font Info:    External font `cmex10' loaded for size
(Font)              <5> on input line 44.
 [2

]
Missing character: There is no √ in font cmti9!
Missing character: There is no â in font cmti9!
Missing character: There is no √ in font cmti9!
Missing character: There is no Ω in font cmti9!
Missing character: There is no √ in font cmti9!
Missing character: There is no ê in font cmti9!
Missing character: There is no √ in font cmti9!
Missing character: There is no ≤ in font cmti9!
 [3] [4]
Missing character: There is no Ë in font cmti9!
Missing character: There is no æ in font cmti9!
Missing character: There is no Ö in font cmti9!
Missing character: There is no Â in font cmti9!
Missing character: There is no ä in font cmti9!
Missing character: There is no © in font cmti9!
Missing character: There is no È in font cmti9!
Missing character: There is no ò in font cmti9!
Missing character: There is no ü in font cmti9!
Missing character: There is no Â in font cmti9!
Missing character: There is no à in font cmti9!
Missing character: There is no ó in font cmti9!
Missing character: There is no Á in font cmti9!
Missing character: There is no ö in font cmti9!
Missing character: There is no Ñ in font cmti9!
Missing character: There is no Â in font cmti9!
Missing character: There is no § in font cmti9!
Missing character: There is no ¥ in font cmti9!
Missing character: There is no Ë in font cmti9!
Missing character: There is no æ in font cmti9!
Missing character: There is no Ö in font cmti9!
Missing character: There is no Â in font cmti9!
Missing character: There is no ä in font cmti9!
Missing character: There is no © in font cmti9!
Missing character: There is no È in font cmti9!
Missing character: There is no ò in font cmti9!
Missing character: There is no ü in font cmti9!
Missing character: There is no Â in font cmti9!
Missing character: There is no à in font cmti9!
Missing character: There is no ó in font cmti9!
Missing character: There is no Á in font cmti9!
Missing character: There is no ö in font cmti9!
Missing character: There is no Ñ in font cmti9!
Missing character: There is no Â in font cmti9!
Missing character: There is no ∞ in font cmti9!
Missing character: There is no æ in font cmti9!
Missing character: There is no Ë in font cmti9!
Missing character: There is no æ in font cmti9!
Missing character: There is no Ö in font cmti9!
Missing character: There is no Á in font cmti9!
Missing character: There is no ª in font cmti9!
Missing character: There is no Ñ in font cmti9!
Missing character: There is no È in font cmti9!
Missing character: There is no ò in font cmti9!
Missing character: There is no ü in font cmti9!
Missing character: There is no Â in font cmti9!
Missing character: There is no à in font cmti9!
Missing character: There is no ó in font cmti9!
Missing character: There is no Â in font cmti9!
Missing character: There is no Ö in font cmti9!
Missing character: There is no • in font cmti9!
Missing character: There is no Â in font cmti9!
Missing character: There is no ∫ in font cmti9!
Missing character: There is no ¶ in font cmti9!
Missing character: There is no Ê in font cmti9!
Missing character: There is no ï in font cmti9!
Missing character: There is no ∞ in font cmti9!
Missing character: There is no Á in font cmti9!
Missing character: There is no ª in font cmti9!
Missing character: There is no Ñ in font cmti9!
Missing character: There is no Ê in font cmti9!
Missing character: There is no ã in font cmti9!
Missing character: There is no ì in font cmti9!
Missing character: There is no Ê in font cmti9!
Missing character: There is no â in font cmti9!
Missing character: There is no ë in font cmti9!
Missing character: There is no Ê in font cmti9!
Missing character: There is no é in font cmti9!
Missing character: There is no í in font cmti9!
Missing character: There is no Â in font cmti9!
Missing character: There is no ∫ in font cmti9!
Missing character: There is no è in font cmti9!
Missing character: There is no Á in font cmti9!
Missing character: There is no ª in font cmti9!
Missing character: There is no ì in font cmti9!
Missing character: There is no Ê in font cmti9!
Missing character: There is no û in font cmti9!
Missing character: There is no ú in font cmti9!
Missing character: There is no Ê in font cmti9!
Missing character: There is no ï in font cmti9!
Missing character: There is no ∞ in font cmti9!
Missing character: There is no Á in font cmti9!
Missing character: There is no ª in font cmti9!
Missing character: There is no Ñ in font cmti9!
Missing character: There is no Ô in font cmti9!
Missing character: There is no º in font cmti9!
Missing character: There is no å in font cmti9!
Missing character: There is no Ë in font cmti9!
Missing character: There is no Æ in font cmti9!
Missing character: There is no ∞ in font cmti9!
Missing character: There is no Â in font cmti9!
Missing character: There is no Ω in font cmti9!
Missing character: There is no ï in font cmti9!
Missing character: There is no Ê in font cmti9!
Missing character: There is no Ø in font cmti9!
Missing character: There is no è in font cmti9!
Missing character: There is no ‰ in font cmti9!
Missing character: There is no ∏ in font cmti9!
Missing character: There is no ™ in font cmti9!
Missing character: There is no Ë in font cmti9!
Missing character: There is no ä in font cmti9!
Missing character: There is no Ç in font cmti9!
Missing character: There is no Á in font cmti9!
Missing character: There is no Ç in font cmti9!
Missing character: There is no π in font cmti9!
Missing character: There is no Á in font cmti9!
Missing character: There is no ö in font cmti9!
Missing character: There is no Ñ in font cmti9!
Missing character: There is no Ê in font cmti9!
Missing character: There is no é in font cmti9!
Missing character: There is no í in font cmti9!
Missing character: There is no Â in font cmti9!
Missing character: There is no ∫ in font cmti9!
Missing character: There is no è in font cmti9!
Missing character: There is no Â in font cmti9!
Missing character: There is no ê in font cmti9!
Missing character: There is no é in font cmti9!
Missing character: There is no Á in font cmti9!
Missing character: There is no ö in font cmti9!
Missing character: There is no Ñ in font cmti9!
Missing character: There is no Â in font cmti9!
Missing character: There is no ∫ in font cmti9!
Missing character: There is no è in font cmti9!
Missing character: There is no Â in font cmti9!
Missing character: There is no è in font cmti9!
Missing character: There is no ∑ in font cmti9!
Missing character: There is no „ in font cmti9!
Missing character: There is no Ä in font cmti9!
Missing character: There is no Ç in font cmti9!

Overfull \hbox (138.16895pt too wide) in paragraph at lines 217--218
[][][][][][][][][][][][][][] 
 []

[5]
Missing character: There is no Â in font cmti9!
Missing character: There is no Ö in font cmti9!
Missing character: There is no • in font cmti9!
Missing character: There is no È in font cmti9!
Missing character: There is no ò in font cmti9!
Missing character: There is no ü in font cmti9!
Missing character: There is no Â in font cmti9!
Missing character: There is no à in font cmti9!
Missing character: There is no ó in font cmti9!
Missing character: There is no È in font cmti9!
Missing character: There is no ò in font cmti9!
Missing character: There is no ü in font cmti9!
Missing character: There is no Â in font cmti9!
Missing character: There is no à in font cmti9!
Missing character: There is no ó in font cmti9!
Missing character: There is no È in font cmti9!
Missing character: There is no ù in font cmti9!
Missing character: There is no û in font cmti9!
Missing character: There is no Á in font cmti9!
Missing character: There is no © in font cmti9!
Missing character: There is no ∫ in font cmti9!
Missing character: There is no Â in font cmti9!
Missing character: There is no á in font cmti9!
Missing character: There is no ∫ in font cmti9!
Missing character: There is no È in font cmti9!
Missing character: There is no ò in font cmti9!
Missing character: There is no ü in font cmti9!
Missing character: There is no Â in font cmti9!
Missing character: There is no à in font cmti9!
Missing character: There is no ó in font cmti9!
Missing character: There is no „ in font cmti9!
Missing character: There is no Ä in font cmti9!
Missing character: There is no Ç in font cmti9!
Missing character: There is no Ê in font cmti9!
Missing character: There is no ò in font cmti9!
Missing character: There is no Ø in font cmti9!
Missing character: There is no È in font cmti9!
Missing character: There is no ° in font cmti9!
Missing character: There is no ∂ in font cmti9!
Missing character: There is no Á in font cmti9!
Missing character: There is no Ç in font cmti9!
Missing character: There is no π in font cmti9!
Missing character: There is no Á in font cmti9!
Missing character: There is no ö in font cmti9!
Missing character: There is no Ñ in font cmti9!
Missing character: There is no Â in font cmti9!
Missing character: There is no ∫ in font cmti9!
Missing character: There is no è in font cmti9!
Missing character: There is no Â in font cmti9!
Missing character: There is no è in font cmti9!
Missing character: There is no ∑ in font cmti9!
Missing character: There is no Â in font cmti9!
Missing character: There is no ∞ in font cmti9!
Missing character: There is no Ü in font cmti9!
Missing character: There is no Ë in font cmti9!
Missing character: There is no Ø in font cmti9!
Missing character: There is no • in font cmti9!
Missing character: There is no È in font cmti9!
Missing character: There is no ° in font cmti9!
Missing character: There is no ∂ in font cmti9!
Missing character: There is no Á in font cmti9!
Missing character: There is no Ç in font cmti9!
Missing character: There is no π in font cmti9!
Missing character: There is no Ê in font cmti9!
Missing character: There is no ∑ in font cmti9!
Missing character: There is no ª in font cmti9!
Missing character: There is no Â in font cmti9!
Missing character: There is no ä in font cmti9!
Missing character: There is no † in font cmti9!
Missing character: There is no Â in font cmti9!
Missing character: There is no à in font cmti9!
Missing character: There is no ∞ in font cmti9!
Missing character: There is no ‰ in font cmti9!
Missing character: There is no ∏ in font cmti9!
Missing character: There is no ≠ in font cmti9!
Missing character: There is no Ô in font cmti9!
Missing character: There is no º in font cmti9!
Missing character: There is no å in font cmti9!
Missing character: There is no Ê in font cmti9!
Missing character: There is no ò in font cmti9!
Missing character: There is no Ø in font cmti9!
Missing character: There is no Ê in font cmti9!
Missing character: There is no é in font cmti9!
Missing character: There is no í in font cmti9!
Missing character: There is no Â in font cmti9!
Missing character: There is no ∫ in font cmti9!
Missing character: There is no è in font cmti9!
Missing character: There is no Á in font cmti9!
Missing character: There is no ª in font cmti9!
Missing character: There is no ì in font cmti9!
Missing character: There is no Ê in font cmti9!
Missing character: There is no û in font cmti9!
Missing character: There is no ú in font cmti9!

Overfull \hbox (93.7688pt too wide) in paragraph at lines 246--247
[][][][][][][][][][][][][][][][][][][][][][] 
 []

Missing character: There is no Ë in font cmti9!
Missing character: There is no é in font cmti9!
Missing character: There is no ∑ in font cmti9!
Missing character: There is no Â in font cmti9!
Missing character: There is no è in font cmti9!
Missing character: There is no ñ in font cmti9!
Missing character: There is no ‰ in font cmti9!
Missing character: There is no ª in font cmti9!
Missing character: There is no • in font cmti9!
Missing character: There is no Ë in font cmti9!
Missing character: There is no Ø in font cmti9!
Missing character: There is no • in font cmti9!
Missing character: There is no È in font cmti9!
Missing character: There is no ° in font cmti9!
Missing character: There is no ∂ in font cmti9!
Missing character: There is no Á in font cmti9!
Missing character: There is no Ç in font cmti9!
Missing character: There is no π in font cmti9!
Missing character: There is no ‰ in font cmti9!
Missing character: There is no ∏ in font cmti9!
Missing character: There is no ∫ in font cmti9!
Missing character: There is no Ë in font cmti9!
Missing character: There is no µ in font cmti9!
Missing character: There is no ∑ in font cmti9!
Missing character: There is no Á in font cmti9!
Missing character: There is no Ç in font cmti9!
Missing character: There is no π in font cmti9!
Missing character: There is no Á in font cmti9!
Missing character: There is no ö in font cmti9!
Missing character: There is no Ñ in font cmti9!
Missing character: There is no Â in font cmti9!
Missing character: There is no á in font cmti9!
Missing character: There is no ∫ in font cmti9!
Missing character: There is no Ë in font cmti9!
Missing character: There is no æ in font cmti9!
Missing character: There is no π in font cmti9!
Missing character: There is no È in font cmti9!
Missing character: There is no ò in font cmti9!
Missing character: There is no ü in font cmti9!
Missing character: There is no Â in font cmti9!
Missing character: There is no à in font cmti9!
Missing character: There is no ó in font cmti9!

Overfull \hbox (54.91867pt too wide) in paragraph at lines 247--249
[][][][][][][][][][][][][][][][][][][] 
 []

Missing character: There is no Â in font cmti9!
Missing character: There is no ∞ in font cmti9!
Missing character: There is no Ü in font cmti9!
Missing character: There is no ‰ in font cmti9!
Missing character: There is no ∏ in font cmti9!
Missing character: There is no é in font cmti9!
Missing character: There is no Â in font cmti9!
Missing character: There is no Ö in font cmti9!
Missing character: There is no ≥ in font cmti9!
Missing character: There is no Ë in font cmti9!
Missing character: There is no Å in font cmti9!
Missing character: There is no î in font cmti9!
Missing character: There is no Á in font cmti9!
Missing character: There is no ö in font cmti9!
Missing character: There is no Ñ in font cmti9!
Missing character: There is no Ë in font cmti9!
Missing character: There is no ä in font cmti9!
Missing character: There is no Ç in font cmti9!
Missing character: There is no Á in font cmti9!
Missing character: There is no Ç in font cmti9!
Missing character: There is no π in font cmti9!
Missing character: There is no Á in font cmti9!
Missing character: There is no ö in font cmti9!
Missing character: There is no Ñ in font cmti9!
Missing character: There is no Â in font cmti9!
Missing character: There is no Ö in font cmti9!
Missing character: There is no • in font cmti9!
Missing character: There is no Â in font cmti9!
Missing character: There is no ∫ in font cmti9!
Missing character: There is no ¶ in font cmti9!
Missing character: There is no Â in font cmti9!
Missing character: There is no á in font cmti9!
Missing character: There is no è in font cmti9!
Missing character: There is no Ô in font cmti9!
Missing character: There is no º in font cmti9!
Missing character: There is no õ in font cmti9!
Missing character: There is no Ë in font cmti9!
Missing character: There is no ã in font cmti9!
Missing character: There is no • in font cmti9!
Missing character: There is no Â in font cmti9!
Missing character: There is no á in font cmti9!
Missing character: There is no è in font cmti9!
Missing character: There is no ‰ in font cmti9!
Missing character: There is no π in font cmti9!
Missing character: There is no ã in font cmti9!
Missing character: There is no Â in font cmti9!
Missing character: There is no ê in font cmti9!
Missing character: There is no é in font cmti9!
Missing character: There is no Ô in font cmti9!
Missing character: There is no º in font cmti9!
Missing character: There is no å in font cmti9!
Missing character: There is no Ë in font cmti9!
Missing character: There is no Ø in font cmti9!
Missing character: There is no • in font cmti9!
Missing character: There is no Ë in font cmti9!
Missing character: There is no ä in font cmti9!
Missing character: There is no Ç in font cmti9!
Missing character: There is no Á in font cmti9!
Missing character: There is no Ç in font cmti9!
Missing character: There is no π in font cmti9!
Missing character: There is no Á in font cmti9!
Missing character: There is no ö in font cmti9!
Missing character: There is no Ñ in font cmti9!
Missing character: There is no Â in font cmti9!
Missing character: There is no Ö in font cmti9!
Missing character: There is no • in font cmti9!
Missing character: There is no Â in font cmti9!
Missing character: There is no ∫ in font cmti9!
Missing character: There is no ¶ in font cmti9!
Missing character: There is no ‰ in font cmti9!
Missing character: There is no ∏ in font cmti9!
Missing character: There is no ∫ in font cmti9!
Missing character: There is no Ô in font cmti9!
Missing character: There is no º in font cmti9!
Missing character: There is no õ in font cmti9!
Missing character: There is no Â in font cmti9!
Missing character: There is no à in font cmti9!
Missing character: There is no ô in font cmti9!
Missing character: There is no Â in font cmti9!
Missing character: There is no ∞ in font cmti9!
Missing character: There is no Ü in font cmti9!
Missing character: There is no Ë in font cmti9!
Missing character: There is no Ø in font cmti9!
Missing character: There is no • in font cmti9!
Missing character: There is no Ë in font cmti9!
Missing character: There is no ä in font cmti9!
Missing character: There is no Ç in font cmti9!
Missing character: There is no Á in font cmti9!
Missing character: There is no Ç in font cmti9!
Missing character: There is no π in font cmti9!
Missing character: There is no Ê in font cmti9!
Missing character: There is no ∑ in font cmti9!
Missing character: There is no ª in font cmti9!
Missing character: There is no Â in font cmti9!
Missing character: There is no ä in font cmti9!
Missing character: There is no † in font cmti9!
Missing character: There is no Â in font cmti9!
Missing character: There is no à in font cmti9!
Missing character: There is no ∞ in font cmti9!
Missing character: There is no È in font cmti9!
Missing character: There is no ò in font cmti9!
Missing character: There is no ü in font cmti9!
Missing character: There is no Â in font cmti9!
Missing character: There is no à in font cmti9!
Missing character: There is no ó in font cmti9!
Missing character: There is no ‰ in font cmti9!
Missing character: There is no ∏ in font cmti9!
Missing character: There is no ≠ in font cmti9!
Missing character: There is no „ in font cmti9!
Missing character: There is no Ä in font cmti9!
Missing character: There is no Ç in font cmti9!

Overfull \hbox (71.56873pt too wide) in paragraph at lines 250--251
[][][][][][] 
 []

Missing character: There is no Â in font cmti9!
Missing character: There is no ∞ in font cmti9!
Missing character: There is no Ü in font cmti9!
Missing character: There is no Ë in font cmti9!
Missing character: There is no ä in font cmti9!
Missing character: There is no Ç in font cmti9!
Missing character: There is no Á in font cmti9!
Missing character: There is no Ç in font cmti9!
Missing character: There is no π in font cmti9!
Missing character: There is no Â in font cmti9!
Missing character: There is no ∫ in font cmti9!
Missing character: There is no è in font cmti9!
Missing character: There is no Â in font cmti9!
Missing character: There is no è in font cmti9!
Missing character: There is no ∑ in font cmti9!
Missing character: There is no ‰ in font cmti9!
Missing character: There is no ∏ in font cmti9!
Missing character: There is no ∫ in font cmti9!
LaTeX Font Info:    Font shape `OML/cmr/m/it' in size <9> not available
(Font)              Font shape `OML/cmm/m/it' tried instead on input line 253.
Missing character: There is no Á in font cmti9!
Missing character: There is no ö in font cmti9!
Missing character: There is no Ñ in font cmti9!
Missing character: There is no Â in font cmti9!
Missing character: There is no Ö in font cmti9!
Missing character: There is no • in font cmti9!
Missing character: There is no Â in font cmti9!
Missing character: There is no ∫ in font cmti9!
Missing character: There is no ¶ in font cmti9!
Missing character: There is no Â in font cmti9!
Missing character: There is no á in font cmti9!
Missing character: There is no è in font cmti9!
Missing character: There is no „ in font cmti9!
Missing character: There is no Ä in font cmti9!
Missing character: There is no Ç in font cmti9!
Missing character: There is no Ë in font cmti9!
Missing character: There is no ã in font cmti9!
Missing character: There is no • in font cmti9!
Missing character: There is no Ë in font cmti9!
Missing character: There is no ä in font cmti9!
Missing character: There is no Ç in font cmti9!
Missing character: There is no Á in font cmti9!
Missing character: There is no Ç in font cmti9!
Missing character: There is no π in font cmti9!
Missing character: There is no Á in font cmti9!
Missing character: There is no ö in font cmti9!
Missing character: There is no Ñ in font cmti9!
Missing character: There is no Â in font cmti9!
Missing character: There is no Ö in font cmti9!
Missing character: There is no • in font cmti9!
Missing character: There is no Â in font cmti9!
Missing character: There is no ∫ in font cmti9!
Missing character: There is no ¶ in font cmti9!
Missing character: There is no ‰ in font cmti9!
Missing character: There is no ∏ in font cmti9!
Missing character: There is no ∫ in font cmti9!
Missing character: There is no Ô in font cmti9!
Missing character: There is no º in font cmti9!
Missing character: There is no å in font cmti9!
Missing character: There is no Â in font cmti9!
Missing character: There is no à in font cmti9!
Missing character: There is no ô in font cmti9!
Missing character: There is no Â in font cmti9!
Missing character: There is no ∞ in font cmti9!
Missing character: There is no Ü in font cmti9!
Missing character: There is no Â in font cmti9!
Missing character: There is no Ö in font cmti9!
Missing character: There is no ∂ in font cmti9!
Missing character: There is no Â in font cmti9!
Missing character: There is no Ö in font cmti9!
Missing character: There is no • in font cmti9!
Missing character: There is no È in font cmti9!
Missing character: There is no ò in font cmti9!
Missing character: There is no ü in font cmti9!
Missing character: There is no Â in font cmti9!
Missing character: There is no à in font cmti9!
Missing character: There is no ó in font cmti9!
Missing character: There is no Â in font cmti9!
Missing character: There is no Ö in font cmti9!
Missing character: There is no • in font cmti9!
Missing character: There is no È in font cmti9!
Missing character: There is no ò in font cmti9!
Missing character: There is no ü in font cmti9!
Missing character: There is no Â in font cmti9!
Missing character: There is no à in font cmti9!
Missing character: There is no ó in font cmti9!
Missing character: There is no Ê in font cmti9!
Missing character: There is no â in font cmti9!
Missing character: There is no ì in font cmti9!
Missing character: There is no Â in font cmti9!
Missing character: There is no ç in font cmti9!
Missing character: There is no ∞ in font cmti9!
Missing character: There is no Ê in font cmti9!
Missing character: There is no ã in font cmti9!
Missing character: There is no ì in font cmti9!
Missing character: There is no Ê in font cmti9!
Missing character: There is no â in font cmti9!
Missing character: There is no ë in font cmti9!
Missing character: There is no Ê in font cmti9!
Missing character: There is no é in font cmti9!
Missing character: There is no í in font cmti9!
Missing character: There is no Â in font cmti9!
Missing character: There is no ∫ in font cmti9!
Missing character: There is no è in font cmti9!
Missing character: There is no Á in font cmti9!
Missing character: There is no ª in font cmti9!
Missing character: There is no ì in font cmti9!
Missing character: There is no Ê in font cmti9!
Missing character: There is no û in font cmti9!
Missing character: There is no ú in font cmti9!
Missing character: There is no ‰ in font cmti9!
Missing character: There is no ª in font cmti9!
Missing character: There is no é in font cmti9!
Missing character: There is no Â in font cmti9!
Missing character: There is no ∑ in font cmti9!
Missing character: There is no ¶ in font cmti9!
Missing character: There is no Ë in font cmti9!
Missing character: There is no æ in font cmti9!
Missing character: There is no π in font cmti9!
Missing character: There is no Â in font cmti9!
Missing character: There is no º in font cmti9!
Missing character: There is no Ä in font cmti9!
Missing character: There is no Â in font cmti9!
Missing character: There is no ß in font cmti9!
Missing character: There is no ã in font cmti9!
Missing character: There is no Ê in font cmti9!
Missing character: There is no â in font cmti9!
Missing character: There is no æ in font cmti9!
Missing character: There is no Â in font cmti9!
Missing character: There is no ¢ in font cmti9!
Missing character: There is no û in font cmti9!
Missing character: There is no Â in font cmti9!
Missing character: There is no π in font cmti9!
Missing character: There is no ø in font cmti9!
Missing character: There is no Ë in font cmti9!
Missing character: There is no ∑ in font cmti9!
Missing character: There is no Ø in font cmti9!
Missing character: There is no Â in font cmti9!
Missing character: There is no æ in font cmti9!
Missing character: There is no Ñ in font cmti9!
Missing character: There is no Â in font cmti9!
Missing character: There is no è in font cmti9!
Missing character: There is no ≥ in font cmti9!
Missing character: There is no Ë in font cmti9!
Missing character: There is no æ in font cmti9!
Missing character: There is no π in font cmti9!
Missing character: There is no È in font cmti9!
Missing character: There is no ° in font cmti9!
Missing character: There is no ∂ in font cmti9!
Missing character: There is no Á in font cmti9!
Missing character: There is no Ç in font cmti9!
Missing character: There is no π in font cmti9!
Missing character: There is no Á in font cmti9!
Missing character: There is no º in font cmti9!
Missing character: There is no ñ in font cmti9!
Missing character: There is no Â in font cmti9!
Missing character: There is no è in font cmti9!
Missing character: There is no ∑ in font cmti9!
Missing character: There is no ‰ in font cmti9!
Missing character: There is no ª in font cmti9!
Missing character: There is no é in font cmti9!
Missing character: There is no Â in font cmti9!
Missing character: There is no º in font cmti9!
Missing character: There is no Ä in font cmti9!
Missing character: There is no Â in font cmti9!
Missing character: There is no ß in font cmti9!
Missing character: There is no ã in font cmti9!
Missing character: There is no Â in font cmti9!
Missing character: There is no ¶ in font cmti9!
Missing character: There is no Ç in font cmti9!
Missing character: There is no Ê in font cmti9!
Missing character: There is no û in font cmti9!
Missing character: There is no ú in font cmti9!
Missing character: There is no Â in font cmti9!
Missing character: There is no ≠ in font cmti9!
Missing character: There is no ò in font cmti9!
Missing character: There is no Â in font cmti9!
Missing character: There is no ú in font cmti9!
Missing character: There is no ® in font cmti9!
Missing character: There is no È in font cmti9!
Missing character: There is no Ä in font cmti9!
Missing character: There is no ö in font cmti9!
Missing character: There is no Ë in font cmti9!
Missing character: There is no ∑ in font cmti9!
Missing character: There is no Ø in font cmti9!
Missing character: There is no ‰ in font cmti9!
Missing character: There is no ∏ in font cmti9!
Missing character: There is no î in font cmti9!
Missing character: There is no ‰ in font cmti9!
Missing character: There is no ª in font cmti9!
Missing character: There is no é in font cmti9!
Missing character: There is no Â in font cmti9!
Missing character: There is no º in font cmti9!
Missing character: There is no Ä in font cmti9!
Missing character: There is no Â in font cmti9!
Missing character: There is no ß in font cmti9!
Missing character: There is no ã in font cmti9!
Missing character: There is no Ê in font cmti9!
Missing character: There is no ê in font cmti9!
Missing character: There is no ú in font cmti9!
Missing character: There is no Á in font cmti9!
Missing character: There is no ¥ in font cmti9!
Missing character: There is no ¢ in font cmti9!
Missing character: There is no Ê in font cmti9!
Missing character: There is no ó in font cmti9!
Missing character: There is no ∂ in font cmti9!
Missing character: There is no Ë in font cmti9!
Missing character: There is no Ø in font cmti9!
Missing character: There is no • in font cmti9!
Missing character: There is no Á in font cmti9!
Missing character: There is no Ç in font cmti9!
Missing character: There is no π in font cmti9!
Missing character: There is no Ê in font cmti9!
Missing character: There is no ≤ in font cmti9!
Missing character: There is no ° in font cmti9!
Missing character: There is no Ë in font cmti9!
Missing character: There is no Æ in font cmti9!
Missing character: There is no ø in font cmti9!
Missing character: There is no È in font cmti9!
Missing character: There is no ó in font cmti9!
Missing character: There is no Æ in font cmti9!
Missing character: There is no Ë in font cmti9!
Missing character: There is no ø in font cmti9!
Missing character: There is no á in font cmti9!

Overfull \hbox (138.16895pt too wide) in paragraph at lines 293--294
[][][][][][][][][][][][][][][][][][][][][][] 
 []

Missing character: There is no Ê in font cmti9!
Missing character: There is no â in font cmti9!
Missing character: There is no æ in font cmti9!
Missing character: There is no Â in font cmti9!
Missing character: There is no ¢ in font cmti9!
Missing character: There is no û in font cmti9!
Missing character: There is no Â in font cmti9!
Missing character: There is no π in font cmti9!
Missing character: There is no ø in font cmti9!
Missing character: There is no Ë in font cmti9!
Missing character: There is no ∑ in font cmti9!
Missing character: There is no Ø in font cmti9!
[6]) [7]
\openout2 = `section/string.aux'.

 (./section/string.tex) [8


]
\openout2 = `section/flot.aux'.

 (./section/flot.tex) [9


]
\openout2 = `section/tree.aux'.


(./section/tree.tex) [10


]
\openout2 = `section/maths.aux'.

 (./section/maths.tex) [11


]
\openout2 = `section/geometry.aux'.

 (./section/geometry.tex)
[12


] (./acm.aux (./section/graph.aux) (./section/string.aux)
(./section/flot.aux) (./section/tree.aux) (./section/maths.aux)
(./section/geometry.aux)) ) 
Here is how much of TeX's memory you used:
 3603 strings out of 493105
 48587 string characters out of 6137072
 172497 words of memory out of 5000000
 7029 multiletter control sequences out of 15000+600000
 9462 words of font info for 33 fonts, out of 8000000 for 9000
 1141 hyphenation exceptions out of 8191
 33i,6n,58p,205b,1477s stack positions out of 5000i,500n,10000p,200000b,80000s
</usr/share/texlive/texmf-dist/fonts/type1/public/am
sfonts/cm/cmbx10.pfb></usr/share/texlive/texmf-dist/fonts/type1/public/amsfonts
/cm/cmbx12.pfb></usr/share/texlive/texmf-dist/fonts/type1/public/amsfonts/cm/cm
bx9.pfb></usr/share/texlive/texmf-dist/fonts/type1/public/amsfonts/cm/cmmi9.pfb
></usr/share/texlive/texmf-dist/fonts/type1/public/amsfonts/cm/cmr10.pfb></usr/
share/texlive/texmf-dist/fonts/type1/public/amsfonts/cm/cmr9.pfb></usr/share/te
xlive/texmf-dist/fonts/type1/public/amsfonts/cm/cmsy9.pfb></usr/share/texlive/t
exmf-dist/fonts/type1/public/amsfonts/cm/cmti9.pfb>
Output written on acm.pdf (12 pages, 130813 bytes).
PDF statistics:
 75 PDF objects out of 1000 (max. 8388607)
 52 compressed objects within 1 object stream
 0 named destinations out of 1000 (max. 500000)
 1 words of extra memory for PDF output out of 10000 (max. 10000000)

